FaceRecognitionMobileClient/app/build/intermediates/manifest_merge_blame_file/debug/manifest-merger-blame-debug-report.txt
1<?xml version="1.0" encoding="utf-8"?>
2<manifest xmlns:android="http://schemas.android.com/apk/res/android"
3    package="com.example.facerecognitionmobileclient"
4    android:versionCode="1"
5    android:versionName="1.0" >
6
7    <uses-sdk
8        android:minSdkVersion="24"
8-->src\main\AndroidManifest.xml
9        android:targetSdkVersion="33" />
9-->src\main\AndroidManifest.xml
10
11    <uses-permission android:name="android.permission.ACCESS_NETWORK_STATE" />
11-->src\main\AndroidManifest.xml:5:5-79
11-->src\main\AndroidManifest.xml:5:22-76
12    <uses-permission android:name="android.permission.INTERNET" />
12-->src\main\AndroidManifest.xml:6:5-67
12-->src\main\AndroidManifest.xml:6:22-64
13    <uses-permission android:name="android.permission.CAMERA" />
13-->src\main\AndroidManifest.xml:7:5-65
13-->src\main\AndroidManifest.xml:7:22-62
14
15    <uses-feature android:name="android.hardware.camera" />
15-->src\main\AndroidManifest.xml:9:5-60
15-->src\main\AndroidManifest.xml:9:19-57
16    <uses-feature android:name="android.hardware.camera.autofocus" />
16-->src\main\AndroidManifest.xml:10:5-70
16-->src\main\AndroidManifest.xml:10:19-67
17    <uses-feature android:name="android.hardware.camera.front" />
17-->src\main\AndroidManifest.xml:11:5-66
17-->src\main\AndroidManifest.xml:11:19-63
18    <uses-feature android:name="android.hardware.camera.front.autofocus" />
18-->src\main\AndroidManifest.xml:12:5-76
18-->src\main\AndroidManifest.xml:12:19-73
19
20    <uses-permission android:name="android.permission.POST_NOTIFICATIONS" />
20-->src\main\AndroidManifest.xml:14:5-77
20-->src\main\AndroidManifest.xml:14:22-74
21    <uses-permission android:name="android.permission.READ_EXTERNAL_STORAGE" />
21-->src\main\AndroidManifest.xml:15:5-80
21-->src\main\AndroidManifest.xml:15:22-77
22    <uses-permission android:name="android.permission.WAKE_LOCK" /> <!-- Required by older versions of Google Play services to create IID tokens -->
22-->[com.google.firebase:firebase-messaging:23.0.0] AndroidManifest.xml:23:5-68
22-->[com.google.firebase:firebase-messaging:23.0.0] AndroidManifest.xml:23:22-65
23    <uses-permission android:name="com.google.android.c2dm.permission.RECEIVE" />
23-->[com.google.firebase:firebase-messaging:23.0.0] AndroidManifest.xml:25:5-82
23-->[com.google.firebase:firebase-messaging:23.0.0] AndroidManifest.xml:25:22-79
24
25    <application
25-->src\main\AndroidManifest.xml:17:5-73:19
26        android:allowBackup="true"
26-->src\main\AndroidManifest.xml:18:9-35
27        android:appComponentFactory="androidx.core.app.CoreComponentFactory"
27-->[androidx.core:core:1.8.0] AndroidManifest.xml:24:18-86
28        android:dataExtractionRules="@xml/data_extraction_rules"
28-->src\main\AndroidManifest.xml:19:9-65
29        android:debuggable="true"
30        android:extractNativeLibs="false"
31        android:fullBackupContent="@xml/backup_rules"
31-->src\main\AndroidManifest.xml:20:9-54
32        android:icon="@mipmap/ic_launcher"
32-->src\main\AndroidManifest.xml:21:9-43
33        android:label="@string/app_name"
33-->src\main\AndroidManifest.xml:22:9-41
34        android:supportsRtl="true"
34-->src\main\AndroidManifest.xml:23:9-35
35        android:testOnly="true"
36        android:theme="@style/Theme.FaceRecognitionMobileClient" >
36-->src\main\AndroidManifest.xml:24:9-65
37        <activity
37-->src\main\AndroidManifest.xml:26:9-28:40
38            android:name="com.example.facerecognitionmobileclient.ListShowActivity"
38-->src\main\AndroidManifest.xml:27:13-45
39            android:exported="false" />
39-->src\main\AndroidManifest.xml:28:13-37
40        <activity
40-->src\main\AndroidManifest.xml:29:9-31:40
41            android:name="com.example.facerecognitionmobileclient.DetailActivity"
41-->src\main\AndroidManifest.xml:30:13-43
42            android:exported="false" />
42-->src\main\AndroidManifest.xml:31:13-37
43        <activity
43-->src\main\AndroidManifest.xml:32:9-34:40
44            android:name="com.example.facerecognitionmobileclient.EditProfileActivity"
44-->src\main\AndroidManifest.xml:33:13-48
45            android:exported="false" />
45-->src\main\AndroidManifest.xml:34:13-37
46        <activity
46-->src\main\AndroidManifest.xml:35:9-37:40
47            android:name="com.example.facerecognitionmobileclient.ProfileActivity"
47-->src\main\AndroidManifest.xml:36:13-44
48            android:exported="false" />
48-->src\main\AndroidManifest.xml:37:13-37
49        <activity
49-->src\main\AndroidManifest.xml:38:9-40:40
50            android:name="com.example.facerecognitionmobileclient.SignupActivity"
50-->src\main\AndroidManifest.xml:39:13-43
51            android:exported="false" />
51-->src\main\AndroidManifest.xml:40:13-37
52        <activity
52-->src\main\AndroidManifest.xml:41:9-43:40
53            android:name="com.example.facerecognitionmobileclient.StreamVideoActivity"
53-->src\main\AndroidManifest.xml:42:13-48
54            android:exported="false" />
54-->src\main\AndroidManifest.xml:43:13-37
55        <activity
55-->src\main\AndroidManifest.xml:44:9-46:40
56            android:name="com.example.facerecognitionmobileclient.Card_View_Activity"
56-->src\main\AndroidManifest.xml:45:13-47
57            android:exported="false" />
57-->src\main\AndroidManifest.xml:46:13-37
58        <activity
58-->src\main\AndroidManifest.xml:47:9-49:40
59            android:name="com.example.facerecognitionmobileclient.Recycler_View"
59-->src\main\AndroidManifest.xml:48:13-42
60            android:exported="false" />
60-->src\main\AndroidManifest.xml:49:13-37
61        <activity
61-->src\main\AndroidManifest.xml:50:9-52:40
62            android:name="com.example.facerecognitionmobileclient.MainActivity"
62-->src\main\AndroidManifest.xml:51:13-41
63            android:exported="false" />
63-->src\main\AndroidManifest.xml:52:13-37
64        <activity
64-->src\main\AndroidManifest.xml:53:9-61:20
65            android:name="com.example.facerecognitionmobileclient.LoginActivity"
65-->src\main\AndroidManifest.xml:54:13-42
66            android:exported="true" >
66-->src\main\AndroidManifest.xml:55:13-36
67            <intent-filter>
67-->src\main\AndroidManifest.xml:56:13-60:29
68                <action android:name="android.intent.action.MAIN" />
68-->src\main\AndroidManifest.xml:57:17-69
68-->src\main\AndroidManifest.xml:57:25-66
69
70                <category android:name="android.intent.category.LAUNCHER" />
70-->src\main\AndroidManifest.xml:59:17-77
70-->src\main\AndroidManifest.xml:59:27-74
71            </intent-filter>
72        </activity>
73        <activity
73-->src\main\AndroidManifest.xml:62:9-72:20
74            android:name="com.example.facerecognitionmobileclient.ServerIPActivity"
74-->src\main\AndroidManifest.xml:63:13-45
75            android:exported="false" >
75-->src\main\AndroidManifest.xml:64:13-37
76
77            <!-- <intent-filter> -->
78            <!-- <action android:name="android.intent.action.MAIN" /> -->
79
80
81            <!-- <category android:name="android.intent.category.LAUNCHER" /> -->
82            <!-- </intent-filter> -->
83        </activity>
84
85        <service
85-->[com.google.firebase:firebase-storage:20.2.0] AndroidManifest.xml:29:9-35:19
86            android:name="com.google.firebase.components.ComponentDiscoveryService"
86-->[com.google.firebase:firebase-storage:20.2.0] AndroidManifest.xml:30:13-84
87            android:directBootAware="true"
87-->[com.google.firebase:firebase-common:20.3.2] AndroidManifest.xml:34:13-43
88            android:exported="false" >
88-->[com.google.firebase:firebase-storage:20.2.0] AndroidManifest.xml:31:13-37
89            <meta-data
89-->[com.google.firebase:firebase-storage:20.2.0] AndroidManifest.xml:32:13-34:85
90                android:name="com.google.firebase.components:com.google.firebase.storage.StorageRegistrar"
90-->[com.google.firebase:firebase-storage:20.2.0] AndroidManifest.xml:33:17-107
91                android:value="com.google.firebase.components.ComponentRegistrar" />
91-->[com.google.firebase:firebase-storage:20.2.0] AndroidManifest.xml:34:17-82
92            <meta-data
92-->[com.google.firebase:firebase-database-ktx:20.2.1] AndroidManifest.xml:14:13-16:85
93                android:name="com.google.firebase.components:com.google.firebase.database.ktx.FirebaseDatabaseKtxRegistrar"
93-->[com.google.firebase:firebase-database-ktx:20.2.1] AndroidManifest.xml:15:17-124
94                android:value="com.google.firebase.components.ComponentRegistrar" />
94-->[com.google.firebase:firebase-database-ktx:20.2.1] AndroidManifest.xml:16:17-82
95            <meta-data
95-->[com.google.firebase:firebase-firestore-ktx:24.6.0] AndroidManifest.xml:14:13-16:85
96                android:name="com.google.firebase.components:com.google.firebase.firestore.ktx.FirebaseFirestoreKtxRegistrar"
96-->[com.google.firebase:firebase-firestore-ktx:24.6.0] AndroidManifest.xml:15:17-126
97                android:value="com.google.firebase.components.ComponentRegistrar" />
97-->[com.google.firebase:firebase-firestore-ktx:24.6.0] AndroidManifest.xml:16:17-82
98            <meta-data
98-->[com.google.firebase:firebase-auth:21.0.3] AndroidManifest.xml:67:13-69:85
99                android:name="com.google.firebase.components:com.google.firebase.auth.FirebaseAuthRegistrar"
99-->[com.google.firebase:firebase-auth:21.0.3] AndroidManifest.xml:68:17-109
100                android:value="com.google.firebase.components.ComponentRegistrar" />
100-->[com.google.firebase:firebase-auth:21.0.3] AndroidManifest.xml:69:17-82
101            <meta-data
101-->[com.google.firebase:firebase-database:20.2.1] AndroidManifest.xml:31:13-33:85
102                android:name="com.google.firebase.components:com.google.firebase.database.DatabaseRegistrar"
102-->[com.google.firebase:firebase-database:20.2.1] AndroidManifest.xml:32:17-109
103                android:value="com.google.firebase.components.ComponentRegistrar" />
103-->[com.google.firebase:firebase-database:20.2.1] AndroidManifest.xml:33:17-82
104            <meta-data
104-->[com.google.firebase:firebase-messaging:23.0.0] AndroidManifest.xml:52:13-54:85
105                android:name="com.google.firebase.components:com.google.firebase.messaging.FirebaseMessagingRegistrar"
105-->[com.google.firebase:firebase-messaging:23.0.0] AndroidManifest.xml:53:17-119
106                android:value="com.google.firebase.components.ComponentRegistrar" />
106-->[com.google.firebase:firebase-messaging:23.0.0] AndroidManifest.xml:54:17-82
107            <meta-data
107-->[com.google.firebase:firebase-common-ktx:20.3.2] AndroidManifest.xml:14:13-16:85
108                android:name="com.google.firebase.components:com.google.firebase.ktx.FirebaseCommonKtxRegistrar"
108-->[com.google.firebase:firebase-common-ktx:20.3.2] AndroidManifest.xml:15:17-113
109                android:value="com.google.firebase.components.ComponentRegistrar" />
109-->[com.google.firebase:firebase-common-ktx:20.3.2] AndroidManifest.xml:16:17-82
110            <meta-data
110-->[com.google.firebase:firebase-firestore:24.6.0] AndroidManifest.xml:19:13-21:85
111                android:name="com.google.firebase.components:com.google.firebase.firestore.FirestoreRegistrar"
111-->[com.google.firebase:firebase-firestore:24.6.0] AndroidManifest.xml:20:17-111
112                android:value="com.google.firebase.components.ComponentRegistrar" />
112-->[com.google.firebase:firebase-firestore:24.6.0] AndroidManifest.xml:21:17-82
113            <meta-data
113-->[com.google.firebase:firebase-datatransport:18.0.0] AndroidManifest.xml:28:13-30:85
114                android:name="com.google.firebase.components:com.google.firebase.datatransport.TransportRegistrar"
114-->[com.google.firebase:firebase-datatransport:18.0.0] AndroidManifest.xml:29:17-115
115                android:value="com.google.firebase.components.ComponentRegistrar" />
115-->[com.google.firebase:firebase-datatransport:18.0.0] AndroidManifest.xml:30:17-82
116            <meta-data
116-->[com.google.firebase:firebase-installations:17.0.0] AndroidManifest.xml:18:13-20:85
117                android:name="com.google.firebase.components:com.google.firebase.installations.FirebaseInstallationsRegistrar"
117-->[com.google.firebase:firebase-installations:17.0.0] AndroidManifest.xml:19:17-127
118                android:value="com.google.firebase.components.ComponentRegistrar" />
118-->[com.google.firebase:firebase-installations:17.0.0] AndroidManifest.xml:20:17-82
119        </service>
120
121        <activity
121-->[com.google.firebase:firebase-auth:21.0.3] AndroidManifest.xml:27:9-44:20
122            android:name="com.google.firebase.auth.internal.GenericIdpActivity"
122-->[com.google.firebase:firebase-auth:21.0.3] AndroidManifest.xml:28:13-80
123            android:excludeFromRecents="true"
123-->[com.google.firebase:firebase-auth:21.0.3] AndroidManifest.xml:29:13-46
124            android:exported="true"
124-->[com.google.firebase:firebase-auth:21.0.3] AndroidManifest.xml:30:13-36
125            android:launchMode="singleTask"
125-->[com.google.firebase:firebase-auth:21.0.3] AndroidManifest.xml:31:13-44
126            android:theme="@android:style/Theme.Translucent.NoTitleBar" >
126-->[com.google.firebase:firebase-auth:21.0.3] AndroidManifest.xml:32:13-72
127            <intent-filter>
127-->[com.google.firebase:firebase-auth:21.0.3] AndroidManifest.xml:33:13-43:29
128                <action android:name="android.intent.action.VIEW" />
128-->[com.google.firebase:firebase-auth:21.0.3] AndroidManifest.xml:34:17-69
128-->[com.google.firebase:firebase-auth:21.0.3] AndroidManifest.xml:34:25-66
129
130                <category android:name="android.intent.category.DEFAULT" />
130-->[com.google.firebase:firebase-auth:21.0.3] AndroidManifest.xml:36:17-76
130-->[com.google.firebase:firebase-auth:21.0.3] AndroidManifest.xml:36:27-73
131                <category android:name="android.intent.category.BROWSABLE" />
131-->[com.google.firebase:firebase-auth:21.0.3] AndroidManifest.xml:37:17-78
131-->[com.google.firebase:firebase-auth:21.0.3] AndroidManifest.xml:37:27-75
132
133                <data
133-->[com.google.firebase:firebase-auth:21.0.3] AndroidManifest.xml:39:17-42:51
134                    android:host="firebase.auth"
134-->[com.google.firebase:firebase-auth:21.0.3] AndroidManifest.xml:40:21-49
135                    android:path="/"
135-->[com.google.firebase:firebase-auth:21.0.3] AndroidManifest.xml:41:21-37
136                    android:scheme="genericidp" />
136-->[com.google.firebase:firebase-auth:21.0.3] AndroidManifest.xml:42:21-48
137            </intent-filter>
138        </activity>
139        <activity
139-->[com.google.firebase:firebase-auth:21.0.3] AndroidManifest.xml:45:9-62:20
140            android:name="com.google.firebase.auth.internal.RecaptchaActivity"
140-->[com.google.firebase:firebase-auth:21.0.3] AndroidManifest.xml:46:13-79
141            android:excludeFromRecents="true"
141-->[com.google.firebase:firebase-auth:21.0.3] AndroidManifest.xml:47:13-46
142            android:exported="true"
142-->[com.google.firebase:firebase-auth:21.0.3] AndroidManifest.xml:48:13-36
143            android:launchMode="singleTask"
143-->[com.google.firebase:firebase-auth:21.0.3] AndroidManifest.xml:49:13-44
144            android:theme="@android:style/Theme.Translucent.NoTitleBar" >
144-->[com.google.firebase:firebase-auth:21.0.3] AndroidManifest.xml:50:13-72
145            <intent-filter>
145-->[com.google.firebase:firebase-auth:21.0.3] AndroidManifest.xml:51:13-61:29
146                <action android:name="android.intent.action.VIEW" />
146-->[com.google.firebase:firebase-auth:21.0.3] AndroidManifest.xml:34:17-69
146-->[com.google.firebase:firebase-auth:21.0.3] AndroidManifest.xml:34:25-66
147
148                <category android:name="android.intent.category.DEFAULT" />
148-->[com.google.firebase:firebase-auth:21.0.3] AndroidManifest.xml:36:17-76
148-->[com.google.firebase:firebase-auth:21.0.3] AndroidManifest.xml:36:27-73
149                <category android:name="android.intent.category.BROWSABLE" />
149-->[com.google.firebase:firebase-auth:21.0.3] AndroidManifest.xml:37:17-78
149-->[com.google.firebase:firebase-auth:21.0.3] AndroidManifest.xml:37:27-75
150
151                <data
151-->[com.google.firebase:firebase-auth:21.0.3] AndroidManifest.xml:39:17-42:51
152                    android:host="firebase.auth"
152-->[com.google.firebase:firebase-auth:21.0.3] AndroidManifest.xml:40:21-49
153                    android:path="/"
153-->[com.google.firebase:firebase-auth:21.0.3] AndroidManifest.xml:41:21-37
154                    android:scheme="recaptcha" />
154-->[com.google.firebase:firebase-auth:21.0.3] AndroidManifest.xml:42:21-48
155            </intent-filter>
156        </activity>
157
158        <receiver
158-->[com.google.firebase:firebase-messaging:23.0.0] AndroidManifest.xml:28:9-35:20
159            android:name="com.google.firebase.iid.FirebaseInstanceIdReceiver"
159-->[com.google.firebase:firebase-messaging:23.0.0] AndroidManifest.xml:29:13-78
160            android:exported="true"
160-->[com.google.firebase:firebase-messaging:23.0.0] AndroidManifest.xml:30:13-36
161            android:permission="com.google.android.c2dm.permission.SEND" >
161-->[com.google.firebase:firebase-messaging:23.0.0] AndroidManifest.xml:31:13-73
162            <intent-filter>
162-->[com.google.firebase:firebase-messaging:23.0.0] AndroidManifest.xml:32:13-34:29
163                <action android:name="com.google.android.c2dm.intent.RECEIVE" />
163-->[com.google.firebase:firebase-messaging:23.0.0] AndroidManifest.xml:33:17-81
163-->[com.google.firebase:firebase-messaging:23.0.0] AndroidManifest.xml:33:25-78
164            </intent-filter>
165        </receiver>
166        <!--
167             FirebaseMessagingService performs security checks at runtime,
168             but set to not exported to explicitly avoid allowing another app to call it.
169        -->
170        <service
170-->[com.google.firebase:firebase-messaging:23.0.0] AndroidManifest.xml:41:9-48:19
171            android:name="com.google.firebase.messaging.FirebaseMessagingService"
171-->[com.google.firebase:firebase-messaging:23.0.0] AndroidManifest.xml:42:13-82
172            android:directBootAware="true"
172-->[com.google.firebase:firebase-messaging:23.0.0] AndroidManifest.xml:43:13-43
173            android:exported="false" >
173-->[com.google.firebase:firebase-messaging:23.0.0] AndroidManifest.xml:44:13-37
174            <intent-filter android:priority="-500" >
174-->[com.google.firebase:firebase-messaging:23.0.0] AndroidManifest.xml:45:13-47:29
174-->[com.google.firebase:firebase-messaging:23.0.0] AndroidManifest.xml:45:28-51
175                <action android:name="com.google.firebase.MESSAGING_EVENT" />
175-->[com.google.firebase:firebase-messaging:23.0.0] AndroidManifest.xml:46:17-78
175-->[com.google.firebase:firebase-messaging:23.0.0] AndroidManifest.xml:46:25-75
176            </intent-filter>
177        </service>
178
179        <activity
179-->[com.google.android.gms:play-services-auth:20.4.0] AndroidManifest.xml:23:9-27:75
180            android:name="com.google.android.gms.auth.api.signin.internal.SignInHubActivity"
180-->[com.google.android.gms:play-services-auth:20.4.0] AndroidManifest.xml:24:13-93
181            android:excludeFromRecents="true"
181-->[com.google.android.gms:play-services-auth:20.4.0] AndroidManifest.xml:25:13-46
182            android:exported="false"
182-->[com.google.android.gms:play-services-auth:20.4.0] AndroidManifest.xml:26:13-37
183            android:theme="@android:style/Theme.Translucent.NoTitleBar" />
183-->[com.google.android.gms:play-services-auth:20.4.0] AndroidManifest.xml:27:13-72
184        <!--
185            Service handling Google Sign-In user revocation. For apps that do not integrate with
186            Google Sign-In, this service will never be started.
187        -->
188        <service
188-->[com.google.android.gms:play-services-auth:20.4.0] AndroidManifest.xml:33:9-37:51
189            android:name="com.google.android.gms.auth.api.signin.RevocationBoundService"
189-->[com.google.android.gms:play-services-auth:20.4.0] AndroidManifest.xml:34:13-89
190            android:exported="true"
190-->[com.google.android.gms:play-services-auth:20.4.0] AndroidManifest.xml:35:13-36
191            android:permission="com.google.android.gms.auth.api.signin.permission.REVOCATION_NOTIFICATION"
191-->[com.google.android.gms:play-services-auth:20.4.0] AndroidManifest.xml:36:13-107
192            android:visibleToInstantApps="true" />
192-->[com.google.android.gms:play-services-auth:20.4.0] AndroidManifest.xml:37:13-48
193
194        <provider
194-->[com.google.firebase:firebase-common:20.3.2] AndroidManifest.xml:25:9-30:39
195            android:name="com.google.firebase.provider.FirebaseInitProvider"
195-->[com.google.firebase:firebase-common:20.3.2] AndroidManifest.xml:26:13-77
196            android:authorities="com.example.facerecognitionmobileclient.firebaseinitprovider"
196-->[com.google.firebase:firebase-common:20.3.2] AndroidManifest.xml:27:13-72
197            android:directBootAware="true"
197-->[com.google.firebase:firebase-common:20.3.2] AndroidManifest.xml:28:13-43
198            android:exported="false"
198-->[com.google.firebase:firebase-common:20.3.2] AndroidManifest.xml:29:13-37
199            android:initOrder="100" />
199-->[com.google.firebase:firebase-common:20.3.2] AndroidManifest.xml:30:13-36
200
201        <activity
201-->[com.google.android.gms:play-services-base:18.1.0] AndroidManifest.xml:20:9-22:45
202            android:name="com.google.android.gms.common.api.GoogleApiActivity"
202-->[com.google.android.gms:play-services-base:18.1.0] AndroidManifest.xml:20:19-85
203            android:exported="false"
203-->[com.google.android.gms:play-services-base:18.1.0] AndroidManifest.xml:22:19-43
204            android:theme="@android:style/Theme.Translucent.NoTitleBar" />
204-->[com.google.android.gms:play-services-base:18.1.0] AndroidManifest.xml:21:19-78
205
206        <meta-data
206-->[com.google.android.gms:play-services-basement:18.1.0] AndroidManifest.xml:21:9-23:69
207            android:name="com.google.android.gms.version"
207-->[com.google.android.gms:play-services-basement:18.1.0] AndroidManifest.xml:22:13-58
208            android:value="@integer/google_play_services_version" />
208-->[com.google.android.gms:play-services-basement:18.1.0] AndroidManifest.xml:23:13-66
209
210        <service
210-->[com.google.android.datatransport:transport-backend-cct:3.0.0] AndroidManifest.xml:29:9-35:19
211            android:name="com.google.android.datatransport.runtime.backends.TransportBackendDiscovery"
211-->[com.google.android.datatransport:transport-backend-cct:3.0.0] AndroidManifest.xml:30:13-103
212            android:exported="false" >
212-->[com.google.android.datatransport:transport-backend-cct:3.0.0] AndroidManifest.xml:31:13-37
213            <meta-data
213-->[com.google.android.datatransport:transport-backend-cct:3.0.0] AndroidManifest.xml:32:13-34:39
214                android:name="backend:com.google.android.datatransport.cct.CctBackendFactory"
214-->[com.google.android.datatransport:transport-backend-cct:3.0.0] AndroidManifest.xml:33:17-94
215                android:value="cct" />
215-->[com.google.android.datatransport:transport-backend-cct:3.0.0] AndroidManifest.xml:34:17-36
216        </service>
217        <service
217-->[com.google.android.datatransport:transport-runtime:3.0.0] AndroidManifest.xml:26:9-30:19
218            android:name="com.google.android.datatransport.runtime.scheduling.jobscheduling.JobInfoSchedulerService"
218-->[com.google.android.datatransport:transport-runtime:3.0.0] AndroidManifest.xml:27:13-117
219            android:exported="false"
219-->[com.google.android.datatransport:transport-runtime:3.0.0] AndroidManifest.xml:28:13-37
220            android:permission="android.permission.BIND_JOB_SERVICE" >
220-->[com.google.android.datatransport:transport-runtime:3.0.0] AndroidManifest.xml:29:13-69
221        </service>
222
223        <receiver
223-->[com.google.android.datatransport:transport-runtime:3.0.0] AndroidManifest.xml:32:9-34:40
224            android:name="com.google.android.datatransport.runtime.scheduling.jobscheduling.AlarmManagerSchedulerBroadcastReceiver"
224-->[com.google.android.datatransport:transport-runtime:3.0.0] AndroidManifest.xml:33:13-132
225            android:exported="false" />
225-->[com.google.android.datatransport:transport-runtime:3.0.0] AndroidManifest.xml:34:13-37
226
227        <provider
227-->[androidx.emoji2:emoji2:1.2.0] AndroidManifest.xml:24:9-32:20
228            android:name="androidx.startup.InitializationProvider"
228-->[androidx.emoji2:emoji2:1.2.0] AndroidManifest.xml:25:13-67
229            android:authorities="com.example.facerecognitionmobileclient.androidx-startup"
229-->[androidx.emoji2:emoji2:1.2.0] AndroidManifest.xml:26:13-68
230            android:exported="false" >
230-->[androidx.emoji2:emoji2:1.2.0] AndroidManifest.xml:27:13-37
231            <meta-data
231-->[androidx.emoji2:emoji2:1.2.0] AndroidManifest.xml:29:13-31:52
232                android:name="androidx.emoji2.text.EmojiCompatInitializer"
232-->[androidx.emoji2:emoji2:1.2.0] AndroidManifest.xml:30:17-75
233                android:value="androidx.startup" />
233-->[androidx.emoji2:emoji2:1.2.0] AndroidManifest.xml:31:17-49
234            <meta-data
234-->[androidx.lifecycle:lifecycle-process:2.4.1] AndroidManifest.xml:31:13-33:52
235                android:name="androidx.lifecycle.ProcessLifecycleInitializer"
235-->[androidx.lifecycle:lifecycle-process:2.4.1] AndroidManifest.xml:32:17-78
236                android:value="androidx.startup" />
236-->[androidx.lifecycle:lifecycle-process:2.4.1] AndroidManifest.xml:33:17-49
237        </provider>
238    </application>
239
240</manifest>